<?xml version="1.0" encoding="UTF-8"?>
<testng-results ignored="0" total="1" passed="1" failed="0" skipped="0">
  <reporter-output>
  </reporter-output>
  <suite started-at="2025-12-24T11:04:16 IST" name="Default suite" finished-at="2025-12-24T11:04:31 IST" duration-ms="14919">
    <groups>
    </groups>
    <test started-at="2025-12-24T11:04:16 IST" name="Default test" finished-at="2025-12-24T11:04:31 IST" duration-ms="14919">
      <class name="tests.GreenGrowLoginTest">
        <test-method is-config="true" signature="setup()[pri:0, instance:tests.GreenGrowLoginTest@3c19aaa5]" started-at="2025-12-24T11:04:17 IST" name="setup" finished-at="2025-12-24T11:04:29 IST" duration-ms="12571" status="PASS">
          <reporter-output>
          </reporter-output>
        </test-method> <!-- setup -->
        <test-method signature="loginFlowTest()[pri:0, instance:tests.GreenGrowLoginTest@3c19aaa5]" started-at="2025-12-24T11:04:29 IST" name="loginFlowTest" finished-at="2025-12-24T11:04:31 IST" duration-ms="2133" status="PASS">
          <reporter-output>
          </reporter-output>
        </test-method> <!-- loginFlowTest -->
        <test-method is-config="true" signature="tearDown()[pri:0, instance:tests.GreenGrowLoginTest@3c19aaa5]" started-at="2025-12-24T11:04:31 IST" name="tearDown" finished-at="2025-12-24T11:04:31 IST" duration-ms="166" status="PASS">
          <reporter-output>
          </reporter-output>
        </test-method> <!-- tearDown -->
      </class> <!-- tests.GreenGrowLoginTest -->
    </test> <!-- Default test -->
  </suite> <!-- Default suite -->
</testng-results>
